Copyright 1986-2018 Xilinx, Inc. All Rights Reserved.
------------------------------------------------------------------------------------
| Tool Version : Vivado v.2018.3 (win64) Build 2405991 Thu Dec  6 23:38:27 MST 2018
| Date         : Wed Jan  8 16:20:45 2020
| Host         : DESKTOP-MIJLVUM running 64-bit major release  (build 9200)
| Command      : upgrade_ip
| Device       : xczu9eg-ffvb1156-2-e
------------------------------------------------------------------------------------

Upgrade Log for IP 'system_myip_0_0'

1. Summary
----------

SUCCESS in the upgrade of system_myip_0_0 (xilinx.com:user:myip:1.0) from (Rev. 41) to (Rev. 42)






Copyright 1986-2018 Xilinx, Inc. All Rights Reserved.
------------------------------------------------------------------------------------
| Tool Version : Vivado v.2018.3 (win64) Build 2405991 Thu Dec  6 23:38:27 MST 2018
| Date         : Tue Jan  7 18:09:31 2020
| Host         : DESKTOP-MIJLVUM running 64-bit major release  (build 9200)
| Command      : upgrade_ip
| Device       : xczu9eg-ffvb1156-2-e
------------------------------------------------------------------------------------

Upgrade Log for IP 'system_myip_0_0'

1. Summary
----------

SUCCESS in the upgrade of system_myip_0_0 (xilinx.com:user:myip:1.0) from (Rev. 40) to (Rev. 41)






Copyright 1986-2018 Xilinx, Inc. All Rights Reserved.
------------------------------------------------------------------------------------
| Tool Version : Vivado v.2018.3 (win64) Build 2405991 Thu Dec  6 23:38:27 MST 2018
| Date         : Tue Jan  7 17:00:31 2020
| Host         : DESKTOP-MIJLVUM running 64-bit major release  (build 9200)
| Command      : upgrade_ip
| Device       : xczu9eg-ffvb1156-2-e
------------------------------------------------------------------------------------

Upgrade Log for IP 'system_myip_0_0'

1. Summary
----------

SUCCESS in the upgrade of system_myip_0_0 (xilinx.com:user:myip:1.0) from (Rev. 39) to (Rev. 40)






Copyright 1986-2018 Xilinx, Inc. All Rights Reserved.
------------------------------------------------------------------------------------
| Tool Version : Vivado v.2018.3 (win64) Build 2405991 Thu Dec  6 23:38:27 MST 2018
| Date         : Tue Jan  7 16:02:21 2020
| Host         : DESKTOP-MIJLVUM running 64-bit major release  (build 9200)
| Command      : upgrade_ip
| Device       : xczu9eg-ffvb1156-2-e
------------------------------------------------------------------------------------

Upgrade Log for IP 'system_myip_0_0'

1. Summary
----------

SUCCESS in the upgrade of system_myip_0_0 (xilinx.com:user:myip:1.0) from (Rev. 38) to (Rev. 39)






Copyright 1986-2018 Xilinx, Inc. All Rights Reserved.
------------------------------------------------------------------------------------
| Tool Version : Vivado v.2018.3 (win64) Build 2405991 Thu Dec  6 23:38:27 MST 2018
| Date         : Tue Jan  7 13:34:08 2020
| Host         : DESKTOP-MIJLVUM running 64-bit major release  (build 9200)
| Command      : upgrade_ip
| Device       : xczu9eg-ffvb1156-2-e
------------------------------------------------------------------------------------

Upgrade Log for IP 'system_myip_0_0'

1. Summary
----------

SUCCESS in the upgrade of system_myip_0_0 (xilinx.com:user:myip:1.0) from (Rev. 37) to (Rev. 38)






Copyright 1986-2018 Xilinx, Inc. All Rights Reserved.
------------------------------------------------------------------------------------
| Tool Version : Vivado v.2018.3 (win64) Build 2405991 Thu Dec  6 23:38:27 MST 2018
| Date         : Tue Jan  7 11:36:16 2020
| Host         : DESKTOP-MIJLVUM running 64-bit major release  (build 9200)
| Command      : upgrade_ip
| Device       : xczu9eg-ffvb1156-2-e
------------------------------------------------------------------------------------

Upgrade Log for IP 'system_myip_0_0'

1. Summary
----------

SUCCESS in the upgrade of system_myip_0_0 (xilinx.com:user:myip:1.0) from (Rev. 36) to (Rev. 37)






Copyright 1986-2018 Xilinx, Inc. All Rights Reserved.
------------------------------------------------------------------------------------
| Tool Version : Vivado v.2018.3 (win64) Build 2405991 Thu Dec  6 23:38:27 MST 2018
| Date         : Tue Jan  7 11:32:48 2020
| Host         : DESKTOP-MIJLVUM running 64-bit major release  (build 9200)
| Command      : upgrade_ip
| Device       : xczu9eg-ffvb1156-2-e
------------------------------------------------------------------------------------

Upgrade Log for IP 'system_myip_0_0'

1. Summary
----------

SUCCESS in the upgrade of system_myip_0_0 (xilinx.com:user:myip:1.0) from (Rev. 35) to (Rev. 36)






Copyright 1986-2018 Xilinx, Inc. All Rights Reserved.
------------------------------------------------------------------------------------
| Tool Version : Vivado v.2018.3 (win64) Build 2405991 Thu Dec  6 23:38:27 MST 2018
| Date         : Tue Jan  7 11:02:11 2020
| Host         : DESKTOP-MIJLVUM running 64-bit major release  (build 9200)
| Command      : upgrade_ip
| Device       : xczu9eg-ffvb1156-2-e
------------------------------------------------------------------------------------

Upgrade Log for IP 'system_myip_0_0'

1. Summary
----------

SUCCESS in the upgrade of system_myip_0_0 (xilinx.com:user:myip:1.0) from (Rev. 34) to (Rev. 35)






Copyright 1986-2018 Xilinx, Inc. All Rights Reserved.
------------------------------------------------------------------------------------
| Tool Version : Vivado v.2018.3 (win64) Build 2405991 Thu Dec  6 23:38:27 MST 2018
| Date         : Mon Jan  6 19:04:44 2020
| Host         : DESKTOP-MIJLVUM running 64-bit major release  (build 9200)
| Command      : upgrade_ip
| Device       : xczu9eg-ffvb1156-2-e
------------------------------------------------------------------------------------

Upgrade Log for IP 'system_myip_0_0'

1. Summary
----------

SUCCESS in the upgrade of system_myip_0_0 (xilinx.com:user:myip:1.0) from (Rev. 33) to (Rev. 34)






Copyright 1986-2018 Xilinx, Inc. All Rights Reserved.
------------------------------------------------------------------------------------
| Tool Version : Vivado v.2018.3 (win64) Build 2405991 Thu Dec  6 23:38:27 MST 2018
| Date         : Mon Jan  6 18:48:58 2020
| Host         : DESKTOP-MIJLVUM running 64-bit major release  (build 9200)
| Command      : upgrade_ip
| Device       : xczu9eg-ffvb1156-2-e
------------------------------------------------------------------------------------

Upgrade Log for IP 'system_myip_0_0'

1. Summary
----------

SUCCESS in the upgrade of system_myip_0_0 (xilinx.com:user:myip:1.0) from (Rev. 32) to (Rev. 33)






Copyright 1986-2018 Xilinx, Inc. All Rights Reserved.
------------------------------------------------------------------------------------
| Tool Version : Vivado v.2018.3 (win64) Build 2405991 Thu Dec  6 23:38:27 MST 2018
| Date         : Mon Jan  6 18:44:09 2020
| Host         : DESKTOP-MIJLVUM running 64-bit major release  (build 9200)
| Command      : upgrade_ip
| Device       : xczu9eg-ffvb1156-2-e
------------------------------------------------------------------------------------

Upgrade Log for IP 'system_myip_0_0'

1. Summary
----------

SUCCESS in the upgrade of system_myip_0_0 (xilinx.com:user:myip:1.0) from (Rev. 31) to (Rev. 32)






Copyright 1986-2018 Xilinx, Inc. All Rights Reserved.
------------------------------------------------------------------------------------
| Tool Version : Vivado v.2018.3 (win64) Build 2405991 Thu Dec  6 23:38:27 MST 2018
| Date         : Mon Jan  6 18:43:16 2020
| Host         : DESKTOP-MIJLVUM running 64-bit major release  (build 9200)
| Command      : upgrade_ip
| Device       : xczu9eg-ffvb1156-2-e
------------------------------------------------------------------------------------

Upgrade Log for IP 'system_myip_0_0'

1. Summary
----------

SUCCESS in the conversion of system_myip_0_0 (xilinx.com:user:myip:1.0 (Rev. 31)) to Vivado generation flows.






Copyright 1986-2018 Xilinx, Inc. All Rights Reserved.
------------------------------------------------------------------------------------
| Tool Version : Vivado v.2018.3 (win64) Build 2405991 Thu Dec  6 23:38:27 MST 2018
| Date         : Mon Jan  6 18:40:17 2020
| Host         : DESKTOP-MIJLVUM running 64-bit major release  (build 9200)
| Command      : upgrade_ip
| Device       : xczu9eg-ffvb1156-2-e
------------------------------------------------------------------------------------

Upgrade Log for IP 'system_myip_0_0'

1. Summary
----------

SUCCESS in the upgrade of system_myip_0_0 (xilinx.com:user:myip:1.0) from (Rev. 30) to (Rev. 31)






Copyright 1986-2018 Xilinx, Inc. All Rights Reserved.
------------------------------------------------------------------------------------
| Tool Version : Vivado v.2018.3 (win64) Build 2405991 Thu Dec  6 23:38:27 MST 2018
| Date         : Mon Jan  6 18:33:11 2020
| Host         : DESKTOP-MIJLVUM running 64-bit major release  (build 9200)
| Command      : upgrade_ip
| Device       : xczu9eg-ffvb1156-2-e
------------------------------------------------------------------------------------

Upgrade Log for IP 'system_myip_0_0'

1. Summary
----------

SUCCESS in the upgrade of system_myip_0_0 (xilinx.com:user:myip:1.0) from (Rev. 29) to (Rev. 30)






Copyright 1986-2018 Xilinx, Inc. All Rights Reserved.
------------------------------------------------------------------------------------
| Tool Version : Vivado v.2018.3 (win64) Build 2405991 Thu Dec  6 23:38:27 MST 2018
| Date         : Mon Jan  6 18:19:50 2020
| Host         : DESKTOP-MIJLVUM running 64-bit major release  (build 9200)
| Command      : upgrade_ip
| Device       : xczu9eg-ffvb1156-2-e
------------------------------------------------------------------------------------

Upgrade Log for IP 'system_myip_0_0'

1. Summary
----------

SUCCESS in the upgrade of system_myip_0_0 (xilinx.com:user:myip:1.0) from (Rev. 28) to (Rev. 29)






Copyright 1986-2018 Xilinx, Inc. All Rights Reserved.
------------------------------------------------------------------------------------
| Tool Version : Vivado v.2018.3 (win64) Build 2405991 Thu Dec  6 23:38:27 MST 2018
| Date         : Mon Jan  6 18:12:57 2020
| Host         : DESKTOP-MIJLVUM running 64-bit major release  (build 9200)
| Command      : upgrade_ip
| Device       : xczu9eg-ffvb1156-2-e
------------------------------------------------------------------------------------

Upgrade Log for IP 'system_myip_0_0'

1. Summary
----------

SUCCESS in the upgrade of system_myip_0_0 (xilinx.com:user:myip:1.0) from (Rev. 27) to (Rev. 28)






Copyright 1986-2018 Xilinx, Inc. All Rights Reserved.
------------------------------------------------------------------------------------
| Tool Version : Vivado v.2018.3 (win64) Build 2405991 Thu Dec  6 23:38:27 MST 2018
| Date         : Mon Jan  6 18:07:37 2020
| Host         : DESKTOP-MIJLVUM running 64-bit major release  (build 9200)
| Command      : upgrade_ip
| Device       : xczu9eg-ffvb1156-2-e
------------------------------------------------------------------------------------

Upgrade Log for IP 'system_myip_0_0'

1. Summary
----------

SUCCESS in the conversion of system_myip_0_0 (xilinx.com:user:myip:1.0 (Rev. 27)) to Vivado generation flows.






Copyright 1986-2018 Xilinx, Inc. All Rights Reserved.
------------------------------------------------------------------------------------
| Tool Version : Vivado v.2018.3 (win64) Build 2405991 Thu Dec  6 23:38:27 MST 2018
| Date         : Mon Jan  6 17:44:29 2020
| Host         : DESKTOP-MIJLVUM running 64-bit major release  (build 9200)
| Command      : upgrade_ip
| Device       : xczu9eg-ffvb1156-2-e
------------------------------------------------------------------------------------

Upgrade Log for IP 'system_myip_0_0'

1. Summary
----------

SUCCESS in the upgrade of system_myip_0_0 (xilinx.com:user:myip:1.0) from (Rev. 26) to (Rev. 27)






Copyright 1986-2018 Xilinx, Inc. All Rights Reserved.
------------------------------------------------------------------------------------
| Tool Version : Vivado v.2018.3 (win64) Build 2405991 Thu Dec  6 23:38:27 MST 2018
| Date         : Mon Jan  6 17:42:55 2020
| Host         : DESKTOP-MIJLVUM running 64-bit major release  (build 9200)
| Command      : upgrade_ip
| Device       : xczu9eg-ffvb1156-2-e
------------------------------------------------------------------------------------

Upgrade Log for IP 'system_myip_0_0'

1. Summary
----------

SUCCESS in the upgrade of system_myip_0_0 (xilinx.com:user:myip:1.0) from (Rev. 25) to (Rev. 26)






Copyright 1986-2018 Xilinx, Inc. All Rights Reserved.
------------------------------------------------------------------------------------
| Tool Version : Vivado v.2018.3 (win64) Build 2405991 Thu Dec  6 23:38:27 MST 2018
| Date         : Mon Jan  6 17:32:29 2020
| Host         : DESKTOP-MIJLVUM running 64-bit major release  (build 9200)
| Command      : upgrade_ip
| Device       : xczu9eg-ffvb1156-2-e
------------------------------------------------------------------------------------

Upgrade Log for IP 'system_myip_0_0'

1. Summary
----------

SUCCESS in the upgrade of system_myip_0_0 (xilinx.com:user:myip:1.0) from (Rev. 23) to (Rev. 25)






Copyright 1986-2018 Xilinx, Inc. All Rights Reserved.
------------------------------------------------------------------------------------
| Tool Version : Vivado v.2018.3 (win64) Build 2405991 Thu Dec  6 23:38:27 MST 2018
| Date         : Mon Jan  6 15:39:31 2020
| Host         : DESKTOP-MIJLVUM running 64-bit major release  (build 9200)
| Command      : upgrade_ip
| Device       : xczu9eg-ffvb1156-2-e
------------------------------------------------------------------------------------

Upgrade Log for IP 'system_myip_0_0'

1. Summary
----------

SUCCESS in the conversion of system_myip_0_0 (xilinx.com:user:myip:1.0 (Rev. 23)) to Vivado generation flows.






Copyright 1986-2018 Xilinx, Inc. All Rights Reserved.
------------------------------------------------------------------------------------
| Tool Version : Vivado v.2018.3 (win64) Build 2405991 Thu Dec  6 23:38:27 MST 2018
| Date         : Mon Jan  6 14:58:00 2020
| Host         : DESKTOP-MIJLVUM running 64-bit major release  (build 9200)
| Command      : upgrade_ip
| Device       : xczu9eg-ffvb1156-2-e
------------------------------------------------------------------------------------

Upgrade Log for IP 'system_myip_0_0'

1. Summary
----------

SUCCESS in the upgrade of system_myip_0_0 (xilinx.com:user:myip:1.0) from (Rev. 22) to (Rev. 23)






Copyright 1986-2018 Xilinx, Inc. All Rights Reserved.
------------------------------------------------------------------------------------
| Tool Version : Vivado v.2018.3 (win64) Build 2405991 Thu Dec  6 23:38:27 MST 2018
| Date         : Mon Jan  6 14:54:02 2020
| Host         : DESKTOP-MIJLVUM running 64-bit major release  (build 9200)
| Command      : upgrade_ip
| Device       : xczu9eg-ffvb1156-2-e
------------------------------------------------------------------------------------

Upgrade Log for IP 'system_myip_0_0'

1. Summary
----------

SUCCESS in the upgrade of system_myip_0_0 (xilinx.com:user:myip:1.0) from (Rev. 21) to (Rev. 22)






Copyright 1986-2018 Xilinx, Inc. All Rights Reserved.
------------------------------------------------------------------------------------
| Tool Version : Vivado v.2018.3 (win64) Build 2405991 Thu Dec  6 23:38:27 MST 2018
| Date         : Mon Jan  6 13:40:39 2020
| Host         : DESKTOP-MIJLVUM running 64-bit major release  (build 9200)
| Command      : upgrade_ip
| Device       : xczu9eg-ffvb1156-2-e
------------------------------------------------------------------------------------

Upgrade Log for IP 'system_myip_0_0'

1. Summary
----------

SUCCESS in the upgrade of system_myip_0_0 (xilinx.com:user:myip:1.0) from (Rev. 20) to (Rev. 21)






Copyright 1986-2018 Xilinx, Inc. All Rights Reserved.
------------------------------------------------------------------------------------
| Tool Version : Vivado v.2018.3 (win64) Build 2405991 Thu Dec  6 23:38:27 MST 2018
| Date         : Fri Jan  3 17:46:33 2020
| Host         : DESKTOP-MIJLVUM running 64-bit major release  (build 9200)
| Command      : upgrade_ip
| Device       : xczu9eg-ffvb1156-2-e
------------------------------------------------------------------------------------

Upgrade Log for IP 'system_myip_0_0'

1. Summary
----------

SUCCESS in the upgrade of system_myip_0_0 (xilinx.com:user:myip:1.0) from (Rev. 19) to (Rev. 20)






Copyright 1986-2018 Xilinx, Inc. All Rights Reserved.
------------------------------------------------------------------------------------
| Tool Version : Vivado v.2018.3 (win64) Build 2405991 Thu Dec  6 23:38:27 MST 2018
| Date         : Fri Jan  3 17:44:01 2020
| Host         : DESKTOP-MIJLVUM running 64-bit major release  (build 9200)
| Command      : upgrade_ip
| Device       : xczu9eg-ffvb1156-2-e
------------------------------------------------------------------------------------

Upgrade Log for IP 'system_myip_0_0'

1. Summary
----------

SUCCESS in the upgrade of system_myip_0_0 (xilinx.com:user:myip:1.0) from (Rev. 18) to (Rev. 19)






Copyright 1986-2018 Xilinx, Inc. All Rights Reserved.
------------------------------------------------------------------------------------
| Tool Version : Vivado v.2018.3 (win64) Build 2405991 Thu Dec  6 23:38:27 MST 2018
| Date         : Fri Jan  3 16:45:35 2020
| Host         : DESKTOP-MIJLVUM running 64-bit major release  (build 9200)
| Command      : upgrade_ip
| Device       : xczu9eg-ffvb1156-2-e
------------------------------------------------------------------------------------

Upgrade Log for IP 'system_myip_0_0'

1. Summary
----------

SUCCESS in the upgrade of system_myip_0_0 (xilinx.com:user:myip:1.0) from (Rev. 17) to (Rev. 18)






Copyright 1986-2018 Xilinx, Inc. All Rights Reserved.
------------------------------------------------------------------------------------
| Tool Version : Vivado v.2018.3 (win64) Build 2405991 Thu Dec  6 23:38:27 MST 2018
| Date         : Thu Jan  2 18:22:04 2020
| Host         : DESKTOP-MIJLVUM running 64-bit major release  (build 9200)
| Command      : upgrade_ip
| Device       : xczu9eg-ffvb1156-2-e
------------------------------------------------------------------------------------

Upgrade Log for IP 'system_myip_0_0'

1. Summary
----------

SUCCESS in the upgrade of system_myip_0_0 (xilinx.com:user:myip:1.0) from (Rev. 16) to (Rev. 17)






Copyright 1986-2018 Xilinx, Inc. All Rights Reserved.
------------------------------------------------------------------------------------
| Tool Version : Vivado v.2018.3 (win64) Build 2405991 Thu Dec  6 23:38:27 MST 2018
| Date         : Thu Jan  2 15:07:31 2020
| Host         : DESKTOP-MIJLVUM running 64-bit major release  (build 9200)
| Command      : upgrade_ip
| Device       : xczu9eg-ffvb1156-2-e
------------------------------------------------------------------------------------

Upgrade Log for IP 'system_myip_0_0'

1. Summary
----------

SUCCESS in the upgrade of system_myip_0_0 (xilinx.com:user:myip:1.0) from (Rev. 15) to (Rev. 16)






Copyright 1986-2018 Xilinx, Inc. All Rights Reserved.
------------------------------------------------------------------------------------
| Tool Version : Vivado v.2018.3 (win64) Build 2405991 Thu Dec  6 23:38:27 MST 2018
| Date         : Mon Dec 30 18:06:59 2019
| Host         : DESKTOP-MIJLVUM running 64-bit major release  (build 9200)
| Command      : upgrade_ip
| Device       : xczu9eg-ffvb1156-2-e
------------------------------------------------------------------------------------

Upgrade Log for IP 'system_myip_0_0'

1. Summary
----------

SUCCESS in the upgrade of system_myip_0_0 (xilinx.com:user:myip:1.0) from (Rev. 14) to (Rev. 15)






Copyright 1986-2018 Xilinx, Inc. All Rights Reserved.
------------------------------------------------------------------------------------
| Tool Version : Vivado v.2018.3 (win64) Build 2405991 Thu Dec  6 23:38:27 MST 2018
| Date         : Fri Nov 29 14:57:27 2019
| Host         : DESKTOP-MIJLVUM running 64-bit major release  (build 9200)
| Command      : upgrade_ip
| Device       : xczu9eg-ffvb1156-2-e
------------------------------------------------------------------------------------

Upgrade Log for IP 'system_myip_0_0'

1. Summary
----------

SUCCESS in the upgrade of system_myip_0_0 (xilinx.com:user:myip:1.0) from (Rev. 13) to (Rev. 14)






Copyright 1986-2018 Xilinx, Inc. All Rights Reserved.
------------------------------------------------------------------------------------
| Tool Version : Vivado v.2018.3 (win64) Build 2405991 Thu Dec  6 23:38:27 MST 2018
| Date         : Thu Nov 28 17:42:08 2019
| Host         : DESKTOP-MIJLVUM running 64-bit major release  (build 9200)
| Command      : upgrade_ip
| Device       : xczu9eg-ffvb1156-2-e
------------------------------------------------------------------------------------

Upgrade Log for IP 'system_myip_0_0'

1. Summary
----------

SUCCESS in the upgrade of system_myip_0_0 (xilinx.com:user:myip:1.0) from (Rev. 12) to (Rev. 13)






Copyright 1986-2018 Xilinx, Inc. All Rights Reserved.
------------------------------------------------------------------------------------
| Tool Version : Vivado v.2018.3 (win64) Build 2405991 Thu Dec  6 23:38:27 MST 2018
| Date         : Thu Nov 28 14:17:29 2019
| Host         : DESKTOP-MIJLVUM running 64-bit major release  (build 9200)
| Command      : upgrade_ip
| Device       : xczu9eg-ffvb1156-2-e
------------------------------------------------------------------------------------

Upgrade Log for IP 'system_myip_0_0'

1. Summary
----------

SUCCESS in the upgrade of system_myip_0_0 (xilinx.com:user:myip:1.0) from (Rev. 10) to (Rev. 12)






Copyright 1986-2018 Xilinx, Inc. All Rights Reserved.
------------------------------------------------------------------------------------
| Tool Version : Vivado v.2018.3 (win64) Build 2405991 Thu Dec  6 23:38:27 MST 2018
| Date         : Thu Nov 28 14:12:40 2019
| Host         : DESKTOP-MIJLVUM running 64-bit major release  (build 9200)
| Command      : upgrade_ip
| Device       : xczu9eg-ffvb1156-2-e
------------------------------------------------------------------------------------

Upgrade Log for IP 'system_myip_0_0'

1. Summary
----------

SUCCESS in the upgrade of system_myip_0_0 (xilinx.com:user:myip:1.0) from (Rev. 9) to (Rev. 10)






Copyright 1986-2018 Xilinx, Inc. All Rights Reserved.
------------------------------------------------------------------------------------
| Tool Version : Vivado v.2018.3 (win64) Build 2405991 Thu Dec  6 23:38:27 MST 2018
| Date         : Thu Nov 28 13:45:26 2019
| Host         : DESKTOP-MIJLVUM running 64-bit major release  (build 9200)
| Command      : upgrade_ip
| Device       : xczu9eg-ffvb1156-2-e
------------------------------------------------------------------------------------

Upgrade Log for IP 'system_myip_0_0'

1. Summary
----------

SUCCESS in the upgrade of system_myip_0_0 (xilinx.com:user:myip:1.0) from (Rev. 8) to (Rev. 9)






Copyright 1986-2018 Xilinx, Inc. All Rights Reserved.
------------------------------------------------------------------------------------
| Tool Version : Vivado v.2018.3 (win64) Build 2405991 Thu Dec  6 23:38:27 MST 2018
| Date         : Thu Nov 28 12:58:05 2019
| Host         : DESKTOP-MIJLVUM running 64-bit major release  (build 9200)
| Command      : upgrade_ip
| Device       : xczu9eg-ffvb1156-2-e
------------------------------------------------------------------------------------

Upgrade Log for IP 'system_myip_0_0'

1. Summary
----------

SUCCESS in the upgrade of system_myip_0_0 (xilinx.com:user:myip:1.0) from (Rev. 7) to (Rev. 8)






Copyright 1986-2018 Xilinx, Inc. All Rights Reserved.
------------------------------------------------------------------------------------
| Tool Version : Vivado v.2018.3 (win64) Build 2405991 Thu Dec  6 23:38:27 MST 2018
| Date         : Wed Nov 27 17:46:12 2019
| Host         : DESKTOP-MIJLVUM running 64-bit major release  (build 9200)
| Command      : upgrade_ip
| Device       : xczu9eg-ffvb1156-2-e
------------------------------------------------------------------------------------

Upgrade Log for IP 'system_myip_0_0'

1. Summary
----------

SUCCESS in the upgrade of system_myip_0_0 (xilinx.com:user:myip:1.0) from (Rev. 6) to (Rev. 7)






Copyright 1986-2018 Xilinx, Inc. All Rights Reserved.
------------------------------------------------------------------------------------
| Tool Version : Vivado v.2018.3 (win64) Build 2405991 Thu Dec  6 23:38:27 MST 2018
| Date         : Wed Nov 27 11:40:57 2019
| Host         : DESKTOP-MIJLVUM running 64-bit major release  (build 9200)
| Command      : upgrade_ip
| Device       : xczu9eg-ffvb1156-2-e
------------------------------------------------------------------------------------

Upgrade Log for IP 'system_myip_0_0'

1. Summary
----------

SUCCESS in the upgrade of system_myip_0_0 (xilinx.com:user:myip:1.0) from (Rev. 4) to (Rev. 6)

