#-----------------------------------------------------------
# Vivado v2018.3 (64-bit)
# SW Build 2405991 on Thu Dec  6 23:38:27 MST 2018
# IP Build 2404404 on Fri Dec  7 01:43:56 MST 2018
# Start of session at: Wed Nov 27 11:18:31 2019
# Process ID: 17636
# Current directory: C:/Users/CK/Downloads/IP_proj_1127
# Command line: vivado.exe -gui_launcher_event rodinguilauncherevent8616 C:\Users\CK\Downloads\IP_proj_1127\IP_proj.xpr
# Log file: C:/Users/CK/Downloads/IP_proj_1127/vivado.log
# Journal file: C:/Users/CK/Downloads/IP_proj_1127\vivado.jou
#-----------------------------------------------------------
start_gui
open_project C:/Users/CK/Downloads/IP_proj_1127/IP_proj.xpr
INFO: [Project 1-313] Project file moved from 'C:/Users/CK/Downloads/IP_proj' since last save.
Scanning sources...
Finished scanning sources
INFO: [IP_Flow 19-234] Refreshing IP repositories
INFO: [IP_Flow 19-1700] Loaded user IP repository 'c:/Users/CK/Downloads/IP_proj_1127/ip_repo/myip_1.0'.
INFO: [IP_Flow 19-2313] Loaded Vivado IP repository 'C:/Xilinx/Vivado/2018.3/data/ip'.
WARNING: [BD 41-1661] One or more IPs have been locked in the design 'system.bd'. Please run report_ip_status for more details and recommendations on how to fix this issue.
List of locked IPs:
system_myip_0_0

open_project: Time (s): cpu = 00:00:14 ; elapsed = 00:00:10 . Memory (MB): peak = 724.324 ; gain = 93.809
update_compile_order -fileset sources_1
open_bd_design {C:/Users/CK/Downloads/IP_proj_1127/IP_proj.srcs/sources_1/bd/system/system.bd}
Adding cell -- xilinx.com:ip:zynq_ultra_ps_e:3.2 - zynq_ultra_ps_e_0
Adding cell -- xilinx.com:user:myip:1.0 - myip_0
Adding cell -- xilinx.com:ip:axi_interconnect:2.1 - ps8_0_axi_periph
Adding cell -- xilinx.com:ip:axi_crossbar:2.1 - xbar
Adding cell -- xilinx.com:ip:axi_dwidth_converter:2.1 - auto_ds
Adding cell -- xilinx.com:ip:axi_protocol_converter:2.1 - auto_pc
Adding cell -- xilinx.com:ip:axi_dwidth_converter:2.1 - auto_ds
Adding cell -- xilinx.com:ip:axi_protocol_converter:2.1 - auto_pc
Adding cell -- xilinx.com:ip:proc_sys_reset:5.0 - rst_ps8_0_99M
Successfully read diagram <system> from BD file <C:/Users/CK/Downloads/IP_proj_1127/IP_proj.srcs/sources_1/bd/system/system.bd>
open_bd_design: Time (s): cpu = 00:00:08 ; elapsed = 00:00:07 . Memory (MB): peak = 868.168 ; gain = 27.379
file copy -force C:/Users/CK/Downloads/IP_proj_1127/IP_proj.runs/impl_1/system_wrapper.sysdef C:/Users/CK/Downloads/IP_proj_1127/IP_proj.sdk/system_wrapper.hdf

launch_sdk -workspace C:/Users/CK/Downloads/IP_proj_1127/IP_proj.sdk -hwspec C:/Users/CK/Downloads/IP_proj_1127/IP_proj.sdk/system_wrapper.hdf
INFO: [Vivado 12-393] Launching SDK...
INFO: [Vivado 12-417] Running xsdk -workspace C:/Users/CK/Downloads/IP_proj_1127/IP_proj.sdk -hwspec C:/Users/CK/Downloads/IP_proj_1127/IP_proj.sdk/system_wrapper.hdf
INFO: [Vivado 12-3157] SDK launch initiated. Please check console for any further messages.
file copy -force C:/Users/CK/Downloads/IP_proj_1127/IP_proj.runs/impl_1/system_wrapper.sysdef C:/Users/CK/Downloads/IP_proj_1127/IP_proj.sdk/system_wrapper.hdf

launch_sdk -workspace C:/Users/CK/Downloads/IP_proj_1127/IP_proj.sdk -hwspec C:/Users/CK/Downloads/IP_proj_1127/IP_proj.sdk/system_wrapper.hdf
INFO: [Vivado 12-393] Launching SDK...
INFO: [Vivado 12-417] Running xsdk -workspace C:/Users/CK/Downloads/IP_proj_1127/IP_proj.sdk -hwspec C:/Users/CK/Downloads/IP_proj_1127/IP_proj.sdk/system_wrapper.hdf
INFO: [Vivado 12-3157] SDK launch initiated. Please check console for any further messages.
file mkdir C:/Users/CK/Downloads/IP_proj_1127/IP_proj.sdk
file copy -force C:/Users/CK/Downloads/IP_proj_1127/IP_proj.runs/impl_1/system_wrapper.sysdef C:/Users/CK/Downloads/IP_proj_1127/IP_proj.sdk/system_wrapper.hdf

launch_sdk -workspace C:/Users/CK/Downloads/IP_proj_1127/IP_proj.sdk -hwspec C:/Users/CK/Downloads/IP_proj_1127/IP_proj.sdk/system_wrapper.hdf
INFO: [Vivado 12-393] Launching SDK...
INFO: [Vivado 12-417] Running xsdk -workspace C:/Users/CK/Downloads/IP_proj_1127/IP_proj.sdk -hwspec C:/Users/CK/Downloads/IP_proj_1127/IP_proj.sdk/system_wrapper.hdf
INFO: [Vivado 12-3157] SDK launch initiated. Please check console for any further messages.
exit
INFO: [Common 17-206] Exiting Vivado at Wed Nov 27 11:38:41 2019...
